<?xml version="1.0" encoding="UTF-8"?>
<coverage generated="1587707882003" clover="3.2.0">
  <project timestamp="1587707882004" name="All files">
    <metrics statements="10" coveredstatements="9" conditionals="4" coveredconditionals="4" methods="3" coveredmethods="3" elements="17" coveredelements="16" complexity="0" loc="10" ncloc="10" packages="1" files="3" classes="3"/>
    <file name="sendAndReceive.js" path="/Users/sivakumarrajendran/github/evaluate-news/src/client/js/sendAndReceive.js">
      <metrics statements="6" coveredstatements="5" conditionals="2" coveredconditionals="2" methods="1" coveredmethods="1"/>
      <line num="6" count="1" type="cond" truecount="2" falsecount="0"/>
      <line num="7" count="3" type="stmt"/>
      <line num="16" count="1" type="stmt"/>
      <line num="17" count="1" type="stmt"/>
      <line num="18" count="1" type="stmt"/>
      <line num="20" count="0" type="stmt"/>
    </file>
    <file name="updateUI.js" path="/Users/sivakumarrajendran/github/evaluate-news/src/client/js/updateUI.js">
      <metrics statements="3" coveredstatements="3" conditionals="0" coveredconditionals="0" methods="1" coveredmethods="1"/>
      <line num="8" count="1" type="stmt"/>
      <line num="9" count="1" type="stmt"/>
      <line num="10" count="1" type="stmt"/>
    </file>
    <file name="validator.js" path="/Users/sivakumarrajendran/github/evaluate-news/src/client/js/validator.js">
      <metrics statements="1" coveredstatements="1" conditionals="2" coveredconditionals="2" methods="1" coveredmethods="1"/>
      <line num="7" count="3" type="cond" truecount="2" falsecount="0"/>
    </file>
  </project>
</coverage>
