{"/Users/sivakumarrajendran/github/evaluate-news/src/client/js/sendAndReceive.js": {"path":"/Users/sivakumarrajendran/github/evaluate-news/src/client/js/sendAndReceive.js","statementMap":{"0":{"start":{"line":6,"column":17},"end":{"line":22,"column":1}},"1":{"start":{"line":7,"column":21},"end":{"line":14,"column":6}},"2":{"start":{"line":16,"column":4},"end":{"line":21,"column":5}},"3":{"start":{"line":17,"column":24},"end":{"line":17,"column":45}},"4":{"start":{"line":18,"column":8},"end":{"line":18,"column":23}},"5":{"start":{"line":20,"column":8},"end":{"line":20,"column":20}}},"fnMap":{"0":{"name":"(anonymous_0)","decl":{"start":{"line":6,"column":17},"end":{"line":6,"column":18}},"loc":{"start":{"line":6,"column":48},"end":{"line":22,"column":1}},"line":6}},"branchMap":{"0":{"loc":{"start":{"line":6,"column":24},"end":{"line":6,"column":32}},"type":"default-arg","locations":[{"start":{"line":6,"column":30},"end":{"line":6,"column":32}}],"line":6},"1":{"loc":{"start":{"line":6,"column":34},"end":{"line":6,"column":43}},"type":"default-arg","locations":[{"start":{"line":6,"column":41},"end":{"line":6,"column":43}}],"line":6}},"s":{"0":1,"1":3,"2":1,"3":1,"4":1,"5":0},"f":{"0":3},"b":{"0":[3],"1":[3]},"_coverageSchema":"1a1c01bbd47fc00a2c39e90264f33305004495a9","hash":"e100f716eca3de47a34e09d81a272eb166ccd109"}
,"/Users/sivakumarrajendran/github/evaluate-news/src/client/js/updateUI.js": {"path":"/Users/sivakumarrajendran/github/evaluate-news/src/client/js/updateUI.js","statementMap":{"0":{"start":{"line":8,"column":4},"end":{"line":8,"column":74}},"1":{"start":{"line":9,"column":4},"end":{"line":9,"column":80}},"2":{"start":{"line":10,"column":4},"end":{"line":10,"column":88}}},"fnMap":{"0":{"name":"updateUI","decl":{"start":{"line":7,"column":9},"end":{"line":7,"column":17}},"loc":{"start":{"line":7,"column":46},"end":{"line":11,"column":1}},"line":7}},"branchMap":{},"s":{"0":1,"1":1,"2":1},"f":{"0":1},"b":{},"_coverageSchema":"1a1c01bbd47fc00a2c39e90264f33305004495a9","hash":"b156a58d20218f502706df9b7d4d11dadfbe560e"}
,"/Users/sivakumarrajendran/github/evaluate-news/src/client/js/validator.js": {"path":"/Users/sivakumarrajendran/github/evaluate-news/src/client/js/validator.js","statementMap":{"0":{"start":{"line":7,"column":4},"end":{"line":7,"column":45}}},"fnMap":{"0":{"name":"checkForValidValue","decl":{"start":{"line":6,"column":9},"end":{"line":6,"column":27}},"loc":{"start":{"line":6,"column":39},"end":{"line":8,"column":1}},"line":6}},"branchMap":{"0":{"loc":{"start":{"line":7,"column":11},"end":{"line":7,"column":44}},"type":"binary-expr","locations":[{"start":{"line":7,"column":11},"end":{"line":7,"column":20}},{"start":{"line":7,"column":24},"end":{"line":7,"column":44}}],"line":7}},"s":{"0":3},"f":{"0":3},"b":{"0":[3,1]},"_coverageSchema":"1a1c01bbd47fc00a2c39e90264f33305004495a9","hash":"e30f661cfed5c6653753ef1957b5bf779e99c72d"}
}
